<?xml version="1.0" encoding="UTF-8"?>
<testng-results ignored="0" total="1" passed="1" failed="0" skipped="0">
  <reporter-output>
  </reporter-output>
  <suite started-at="2023-08-20T13:53:54 IST" name="Default suite" finished-at="2023-08-20T13:53:54 IST" duration-ms="888">
    <groups>
    </groups>
    <test started-at="2023-08-20T13:53:54 IST" name="Default test" finished-at="2023-08-20T13:53:54 IST" duration-ms="888">
      <class name="ExtentReport.report">
        <test-method signature="run()[pri:0, instance:ExtentReport.report@12aba8be]" started-at="2023-08-20T13:53:54 IST" name="run" finished-at="2023-08-20T13:53:54 IST" duration-ms="817" status="PASS">
          <reporter-output>
          </reporter-output>
        </test-method> <!-- run -->
      </class> <!-- ExtentReport.report -->
    </test> <!-- Default test -->
  </suite> <!-- Default suite -->
</testng-results>
